0 silly input [ 'build' ]
1 silly flags {
1 silly flags   _: [ 'run' ],
1 silly flags   'reject-cycles': false,
1 silly flags   rejectCycles: false,
1 silly flags   script: 'build',
1 silly flags   args: []
1 silly flags }
2 verbose rootPath /Users/justed/Desktop/Generator/orders-setel
3 info version 2.9.1
4 silly existsSync /Users/justed/Desktop/Generator/orders-setel/VERSION
5 silly initialize attempt
6 silly initialize success
7 silly execute attempt
8 silly runScriptInDir build [] data-generator
9 silly getExecOpts {
9 silly getExecOpts   cwd: '/Users/justed/Desktop/Generator/orders-setel/examples/data-generator'
9 silly getExecOpts }
10 silly runScriptInDir build [] ra-core
11 silly getExecOpts {
11 silly getExecOpts   cwd: '/Users/justed/Desktop/Generator/orders-setel/packages/ra-core'
11 silly getExecOpts }
12 silly runScriptInDir build [] ra-data-fakerest
13 silly getExecOpts {
13 silly getExecOpts   cwd: '/Users/justed/Desktop/Generator/orders-setel/packages/ra-data-fakerest'
13 silly getExecOpts }
14 silly runScriptInDir build [] ra-data-graphql
15 silly getExecOpts {
15 silly getExecOpts   cwd: '/Users/justed/Desktop/Generator/orders-setel/packages/ra-data-graphql'
15 silly getExecOpts }
16 silly runScriptInDir build [] ra-data-simple-rest
17 silly getExecOpts {
17 silly getExecOpts   cwd: '/Users/justed/Desktop/Generator/orders-setel/packages/ra-data-simple-rest'
17 silly getExecOpts }
18 silly runScriptInDir build [] ra-input-rich-text
19 silly getExecOpts {
19 silly getExecOpts   cwd: '/Users/justed/Desktop/Generator/orders-setel/packages/ra-input-rich-text'
19 silly getExecOpts }
20 error build Errored while running script in 'ra-data-simple-rest'
21 error execute callback with error
22 error Error: Command failed: npm run build
22 error error Command failed with exit code 2.
22 error npm ERR! code ELIFECYCLE
22 error npm ERR! errno 2
22 error npm ERR! ra-data-simple-rest@3.9.3 build: `yarn run build-cjs && yarn run build-esm`
22 error npm ERR! Exit status 2
22 error npm ERR!
22 error npm ERR! Failed at the ra-data-simple-rest@3.9.3 build script.
22 error npm ERR! This is probably not a problem with npm. There is likely additional logging output above.
22 error
22 error npm ERR! A complete log of this run can be found in:
22 error npm ERR!     /Users/justed/.npm/_logs/2020-10-26T00_38_26_578Z-debug.log
22 error
22 error > ra-data-simple-rest@3.9.3 build /Users/justed/Desktop/Generator/orders-setel/packages/ra-data-simple-rest
22 error > yarn run build-cjs && yarn run build-esm
22 error
22 error $ rimraf ./lib && tsc
22 error src/index.ts(2,10): error TS2305: Module '"../../../node_modules/ra-core/esm"' has no exported member 'fetchUtils'.
22 error src/index.ts(2,22): error TS2305: Module '"../../../node_modules/ra-core/esm"' has no exported member 'DataProvider'.
22 error info Visit https://yarnpkg.com/en/docs/cli/run for documentation about this command.
22 error
22 error     at /Users/justed/Desktop/Generator/orders-setel/node_modules/lerna/node_modules/execa/index.js:236:11
